<?xml version="1.0" encoding="UTF-8"?>
<!-- Generated by org.testng.reporters.JUnitReportReporter -->
<testsuite hostname="SPARE1" failures="0" tests="2" name="com.test.LoginTest" time="10.423" errors="0" timestamp="2020-03-23T15:31:17 AEDT" skipped="0">
  <testcase classname="com.test.LoginTest" name="setup" time="2.438"/>
  <system-out/>
  <testcase classname="com.test.LoginTest" name="login" time="7.985"/>
  <system-out/>
</testsuite> <!-- com.test.LoginTest -->
