<?xml version="1.0" encoding="UTF-8"?>
<!-- Generated by org.testng.reporters.JUnitReportReporter -->
<testsuite hostname="SPARE1" failures="0" tests="2" name="com.test.LoginTestFireFox" time="13.966" errors="0" timestamp="2020-03-24T09:45:13 AEDT" skipped="0">
  <testcase classname="com.test.LoginTestFireFox" name="setup" time="3.003"/>
  <system-out/>
  <testcase classname="com.test.LoginTestFireFox" name="login" time="10.963"/>
  <system-out/>
</testsuite> <!-- com.test.LoginTestFireFox -->
