<?xml version="1.0" encoding="UTF-8"?>
<!-- Generated by org.testng.reporters.JUnitReportReporter -->
<testsuite hostname="SPARE1" failures="0" tests="2" name="com.test.LoginTestChrome" time="10.397" errors="0" timestamp="2020-03-24T09:45:13 AEDT" skipped="0">
  <testcase classname="com.test.LoginTestChrome" name="setup" time="2.461"/>
  <system-out/>
  <testcase classname="com.test.LoginTestChrome" name="login" time="7.936"/>
  <system-out/>
</testsuite> <!-- com.test.LoginTestChrome -->
