<?xml version="1.0" encoding="UTF-8"?>
<!-- Generated by org.testng.reporters.JUnitReportReporter -->
<testsuite hostname="SPARE1" failures="0" tests="2" name="com.test.LoginTestEdge" time="13.160" errors="0" timestamp="2020-03-24T09:45:13 AEDT" skipped="0">
  <testcase classname="com.test.LoginTestEdge" name="setup" time="5.514"/>
  <system-out/>
  <testcase classname="com.test.LoginTestEdge" name="login" time="7.646"/>
  <system-out/>
</testsuite> <!-- com.test.LoginTestEdge -->
